[메인 모듈 디버그] 디버그 로그 파일 생성됨: /Users/daniel-kim/Capstone/duet_monitor/logs/debug_20250326_174634.log
[메인 모듈 디버그] Python 버전: 3.11.11 (main, Dec  3 2024, 17:20:40) [Clang 16.0.0 (clang-1600.0.26.4)]
[메인 모듈 디버그] 시스템 정보: darwin
[메인 모듈 디버그] 애플리케이션 시작
[메인 모듈 디버그] 명령행 인수: Namespace(test=True, lightweight=False, skipui=False, debug=True)
[메인 모듈 디버그] 루트 윈도우 생성 및 숨김
[메인 모듈 디버그] 핸들러 초기화 중...
[메인 모듈 디버그] 핸들러 초기화 완료
[메인 모듈 디버그] 초기 경량 모드 설정: False
[메인 모듈 디버그] 모드 선택 UI 표시 필요
[메인 모듈 디버그] 루트 윈도우 상태: 표시됨=1, 너비=200, 높이=200
[메인 모듈 디버그] 모드 선택 대화상자 표시 시작
[모드 선택기 디버그] ModeSelector 초기화 시작
[모드 선택기 디버그] 모달 대화상자 설정 완료
[모드 선택기 디버그] 스타일 설정 완료
[모드 선택기 디버그] UI 초기화 완료
[모드 선택기 디버그] 창 크기 조정: 550x450, 위치: +1325+675
[모드 선택기 디버그] 화면 중앙 배치 완료: 550x450+1325+675
[모드 선택기 디버그] 대화상자 대기 시작
[모드 선택기 디버그] 경량 모드 선택됨
[모드 선택기 디버그] 대화상자 대기 종료, 선택된 모드: lightweight
[모드 선택기 디버그] 선택된 모드 반환: lightweight
[메인 모듈 디버그] 선택된 모드: lightweight
[메인 모듈 디버그] 선택된 모드에 따라 경량 모드 설정: True
[메인 모듈 디버그] 루트 윈도우 표시
[메인 모듈 디버그] 메인 윈도우 초기화 시작
테스트 데이터 100개 생성됨
선택된 센서: type, 단위: 
[메인 모듈 디버그] 메인 윈도우 초기화 완료
[메인 모듈 디버그] 테스트 모드 활성화
테스트 모드로 실행 중...
[메인 모듈 디버그] 경량 모드 활성화
경량 모드로 실행 중...
[메인 모듈 디버그] 메인 루프 시작
데이터 수집 시작 시도...
시리얼 포트 연결 상태: False
시리얼 포트 연결 실패: [Errno 2] could not open port /dev/ttyACM0: [Errno 2] No such file or directory: '/dev/ttyACM0'
[메인 모듈 디버그] 애플리케이션 종료
