[메인 모듈 디버그] 디버그 로그 파일 생성됨: /Users/daniel-kim/Capstone/duet_monitor/logs/debug_20250326_192333.log
[메인 모듈 디버그] Python 버전: 3.11.11 (main, Dec  3 2024, 17:20:40) [Clang 16.0.0 (clang-1600.0.26.4)]
[메인 모듈 디버그] 시스템 정보: darwin
[메인 모듈 디버그] 애플리케이션 시작
[메인 모듈 디버그] 명령행 인수: Namespace(test=False, lightweight=False, full=False, skipui=False, debug=False)
[메인 모듈 디버그] 루트 윈도우 생성 및 숨김
[메인 모듈 디버그] 핸들러 초기화 중...
[메인 모듈 디버그] 핸들러 초기화 완료
[메인 모듈 디버그] 초기 경량 모드 설정: False
[메인 모듈 디버그] 모드 선택 UI 표시 필요
[메인 모듈 디버그] 루트 윈도우 상태: 표시됨=1, 너비=200, 높이=200
[메인 모듈 디버그] 모드 선택 대화상자 표시 시작
[메인 모듈 디버그] 선택된 모드: full
[메인 모듈 디버그] 선택된 모드에 따라 경량 모드 설정: False
[메인 모듈 디버그] 루트 윈도우 표시
[메인 모듈 디버그] 메인 윈도우 초기화 시작
[메인 모듈 디버그] 메인 함수 오류: 'MainWindow' object has no attribute 'tk'
[메인 모듈 디버그] Traceback (most recent call last):
  File "/Users/daniel-kim/Capstone/duet_monitor/duet_monitor/main.py", line 182, in main
    app = MainWindow(root, serial_handler, csv_handler, data_processor)
          ^^^^^^^^^^^^^^^^^^^^^^^^^^^^^^^^^^^^^^^^^^^^^^^^^^^^^^^^^^^^^
  File "/Users/daniel-kim/Capstone/duet_monitor/duet_monitor/ui/main_window.py", line 70, in __init__
    self.setup_ui()
  File "/Users/daniel-kim/Capstone/duet_monitor/duet_monitor/ui/main_window.py", line 90, in setup_ui
    self.main_frame = ttk.Frame(self)
                      ^^^^^^^^^^^^^^^
  File "/opt/homebrew/Cellar/python@3.11/3.11.11/Frameworks/Python.framework/Versions/3.11/lib/python3.11/tkinter/ttk.py", line 710, in __init__
    Widget.__init__(self, master, "ttk::frame", kw)
  File "/opt/homebrew/Cellar/python@3.11/3.11.11/Frameworks/Python.framework/Versions/3.11/lib/python3.11/tkinter/ttk.py", line 527, in __init__
    tkinter.Widget.__init__(self, master, widgetname, kw=kw)
  File "/opt/homebrew/Cellar/python@3.11/3.11.11/Frameworks/Python.framework/Versions/3.11/lib/python3.11/tkinter/__init__.py", line 2641, in __init__
    self._setup(master, cnf)
  File "/opt/homebrew/Cellar/python@3.11/3.11.11/Frameworks/Python.framework/Versions/3.11/lib/python3.11/tkinter/__init__.py", line 2610, in _setup
    self.tk = master.tk
              ^^^^^^^^^
AttributeError: 'MainWindow' object has no attribute 'tk'

